Start testing: Jul 12 11:21 KST
----------------------------------------------------------
1/1 Testing: MyTests
1/1 Test: MyTests
Command: "/home/ray/code/iio-practice/cpp/test/test/MyTests"
Directory: /home/ray/code/iio-practice/cpp/test/test
"MyTests" start time: Jul 12 11:21 KST
Output:
----------------------------------------------------------
[==========] Running 10 tests from 3 test suites.
[----------] Global test environment set-up.
[----------] 1 test from NmeaParserTestSuite
[ RUN      ] NmeaParserTestSuite.NmeaParserTestCode
[       OK ] NmeaParserTestSuite.NmeaParserTestCode (0 ms)
[----------] 1 test from NmeaParserTestSuite (0 ms total)

[----------] 8 tests from TokenizerTest
[ RUN      ] TokenizerTest.GetSeparatorTest
[       OK ] TokenizerTest.GetSeparatorTest (0 ms)
[ RUN      ] TokenizerTest.GetSourceTest
[       OK ] TokenizerTest.GetSourceTest (0 ms)
[ RUN      ] TokenizerTest.GetTokenSizeTest
[       OK ] TokenizerTest.GetTokenSizeTest (0 ms)
[ RUN      ] TokenizerTest.HasMoreTokensTest
[       OK ] TokenizerTest.HasMoreTokensTest (0 ms)
[ RUN      ] TokenizerTest.GetNextTokenTest
[       OK ] TokenizerTest.GetNextTokenTest (0 ms)
[ RUN      ] TokenizerTest.TokenizedGetTokenSizeTest
$GPGGA
002153.000
3342.6618
N
11751.3858
W
1
10
1.2
27.0
M
-34.2
M

$GPGGA
002153.000
3342.6618
N
11751.3858
W
1
10
1.2
27.0
M
-34.2
M

/home/ray/code/iio-practice/cpp/test/test_nmea_parser.cpp:67: Failure
Expected equality of these values:
  tokenizer.get_token_size()
    Which is: 0
  27

[  FAILED  ] TokenizerTest.TokenizedGetTokenSizeTest (0 ms)
[ RUN      ] TokenizerTest.TokenizedHasMoreTokensTest
$GPGGA
002153.000
3342.6618
N
11751.3858
W
1
10
1.2
27.0
M
-34.2
M

$GPGGA
002153.000
3342.6618
N
11751.3858
W
1
10
1.2
27.0
M
-34.2
M

/home/ray/code/iio-practice/cpp/test/test_nmea_parser.cpp:72: Failure
Expected equality of these values:
  tokenizer.has_more_tokens()
    Which is: false
  true

[  FAILED  ] TokenizerTest.TokenizedHasMoreTokensTest (0 ms)
[ RUN      ] TokenizerTest.TokenizedGetNextTokenTest
$GPGGA
002153.000
3342.6618
N
11751.3858
W
1
10
1.2
27.0
M
-34.2
M

$GPGGA
002153.000
3342.6618
N
11751.3858
W
1
10
1.2
27.0
M
-34.2
M

/home/ray/code/iio-practice/cpp/test/test_nmea_parser.cpp:77: Failure
Expected equality of these values:
  tokenizer.get_next_token()
    Which is: (nullopt)
  "$GPGGA"
    Which is: 0x5633da8831ce

[  FAILED  ] TokenizerTest.TokenizedGetNextTokenTest (0 ms)
[----------] 8 tests from TokenizerTest (0 ms total)

[----------] 1 test from TestTest
[ RUN      ] TestTest.TestTestCode
[       OK ] TestTest.TestTestCode (0 ms)
[----------] 1 test from TestTest (0 ms total)

[----------] Global test environment tear-down
[==========] 10 tests from 3 test suites ran. (0 ms total)
[  PASSED  ] 7 tests.
[  FAILED  ] 3 tests, listed below:
[  FAILED  ] TokenizerTest.TokenizedGetTokenSizeTest
[  FAILED  ] TokenizerTest.TokenizedHasMoreTokensTest
[  FAILED  ] TokenizerTest.TokenizedGetNextTokenTest

 3 FAILED TESTS
<end of output>
Test time =   0.00 sec
----------------------------------------------------------
Test Failed.
"MyTests" end time: Jul 12 11:21 KST
"MyTests" time elapsed: 00:00:00
----------------------------------------------------------

End testing: Jul 12 11:21 KST
