Start testing: Jul 30 11:02 KST
----------------------------------------------------------
1/1 Testing: NmeaParser: Checksum validation
1/1 Test: NmeaParser: Checksum validation
Command: "/home/ray/projects/rpi5/aosp-r34/device/brcm/rpi5/gnss/impl/test/build/tests" "NmeaParser: Checksum validation"
Directory: /home/ray/projects/rpi5/aosp-r34/device/brcm/rpi5/gnss/impl/test/build
"NmeaParser: Checksum validation" start time: Jul 30 11:02 KST
Output:
----------------------------------------------------------
Filters: "NmeaParser: Checksum validation"
Randomness seeded to: 193248798
Exception happened: basic_string::substr: __pos (which is 7) > this->size() (which is 6)

~~~~~~~~~~~~~~~~~~~~~~~~~~~~~~~~~~~~~~~~~~~~~~~~~~~~~~~~~~~~~~~~~~~~~~~~~~~~~~~
tests is a Catch2 v3.6.0 host application.
Run with -? for options

-------------------------------------------------------------------------------
NmeaParser: Checksum validation
-------------------------------------------------------------------------------
/home/ray/projects/rpi5/aosp-r34/device/brcm/rpi5/gnss/impl/test/test_nmea_parser.cpp:46
...............................................................................

/home/ray/projects/rpi5/aosp-r34/device/brcm/rpi5/gnss/impl/test/test_nmea_parser.cpp:52: FAILED:
  REQUIRE( res )
with expansion:
  false
with messages:
  sentence := "$GPGGA,123519,4807.038,N,01131.000,E,1,08,0.9,545.4,M,46.9,M,,*
  47"
  res := false
  true := true

===============================================================================
test cases: 1 | 1 failed
assertions: 2 | 1 passed | 1 failed

<end of output>
Test time =   0.00 sec
----------------------------------------------------------
Test Failed.
"NmeaParser: Checksum validation" end time: Jul 30 11:02 KST
"NmeaParser: Checksum validation" time elapsed: 00:00:00
----------------------------------------------------------

End testing: Jul 30 11:02 KST
